<?xml version="1.0" encoding="UTF-8"?>
<testng-results ignored="0" total="1" passed="1" failed="0" skipped="0">
  <reporter-output>
  </reporter-output>
  <suite started-at="2023-05-22T10:31:55 IST" name="Surefire suite" finished-at="2023-05-22T10:33:12 IST" duration-ms="77336">
    <groups>
    </groups>
    <test started-at="2023-05-22T10:31:55 IST" name="Surefire test" finished-at="2023-05-22T10:33:12 IST" duration-ms="77336">
      <class name="test.TestCase1">
        <test-method signature="test1()[pri:0, instance:test.TestCase1@63475ace]" started-at="2023-05-22T10:31:55 IST" name="test1" finished-at="2023-05-22T10:33:12 IST" duration-ms="77280" status="PASS">
          <reporter-output>
          </reporter-output>
        </test-method> <!-- test1 -->
      </class> <!-- test.TestCase1 -->
    </test> <!-- Surefire test -->
  </suite> <!-- Surefire suite -->
</testng-results>
